ADFS-ADMIN:~/environment/projects/terraform (main) $ history
    1  ls
    2  ls
    3  sudo resize.sh 30
    4  bash resize.sh 30
    5  df -h
    6  clear
    7  git clone https://github.com/glenmacki20/projects.git
    8  cd projects/terraform/
    9  ls
   10  terraform init
   11  terraform --version
   12  terraform destroy
   13  clear
   14  sudo apt-get update && sudo apt-get install -y gnupg software-properties-common curl
   15  sudo apt update -y
   16  curl -fsSL https://apt.releases.hashicorp.com/gpg | sudo apt-key add -
   17  sudo apt-add-repository "deb [arch=amd64] https://apt.releases.hashicorp.com $(lsb_release -cs) main"
   18  sudo apt install terraform=0.14.0
   19  history
   